mode: set
github.com/notegio/openrelay/accounts/account.go:15.41,17.2 1 1
github.com/notegio/openrelay/accounts/account.go:19.42,20.41 1 1
github.com/notegio/openrelay/accounts/account.go:24.2,26.48 3 1
github.com/notegio/openrelay/accounts/account.go:20.41,23.3 1 1
github.com/notegio/openrelay/accounts/account.go:29.99,31.2 1 1
github.com/notegio/openrelay/accounts/service.go:15.74,18.16 3 1
github.com/notegio/openrelay/accounts/service.go:22.2,23.16 2 1
github.com/notegio/openrelay/accounts/service.go:28.2,30.13 3 1
github.com/notegio/openrelay/accounts/service.go:18.16,21.3 1 0
github.com/notegio/openrelay/accounts/service.go:23.16,27.3 1 0
github.com/notegio/openrelay/accounts/service.go:33.86,35.16 2 1
github.com/notegio/openrelay/accounts/service.go:38.2,38.94 1 1
github.com/notegio/openrelay/accounts/service.go:35.16,37.3 1 0
github.com/notegio/openrelay/accounts/service.go:41.71,46.2 1 1
