mode: set
github.com/notegio/openrelay/channels/delay_relay.go:10.34,13.2 2 1
github.com/notegio/openrelay/channels/delay_relay.go:20.64,21.43 1 1
github.com/notegio/openrelay/channels/delay_relay.go:25.2,25.13 1 1
github.com/notegio/openrelay/channels/delay_relay.go:21.43,24.3 2 1
github.com/notegio/openrelay/channels/delay_relay.go:28.121,43.2 5 1
github.com/notegio/openrelay/channels/delivery.go:18.49,20.2 1 1
github.com/notegio/openrelay/channels/delivery.go:22.43,25.2 1 1
github.com/notegio/openrelay/channels/delivery.go:27.46,30.2 1 0
github.com/notegio/openrelay/channels/delivery.go:32.76,34.2 1 1
github.com/notegio/openrelay/channels/delivery.go:43.49,45.2 1 1
github.com/notegio/openrelay/channels/delivery.go:47.43,49.27 2 1
github.com/notegio/openrelay/channels/delivery.go:52.2,52.26 1 1
github.com/notegio/openrelay/channels/delivery.go:49.27,51.3 1 0
github.com/notegio/openrelay/channels/delivery.go:55.46,58.2 1 1
github.com/notegio/openrelay/channels/delivery.go:60.54,61.70 1 1
github.com/notegio/openrelay/channels/delivery.go:65.2,65.88 1 1
github.com/notegio/openrelay/channels/delivery.go:70.2,70.13 1 1
github.com/notegio/openrelay/channels/delivery.go:61.70,63.3 1 0
github.com/notegio/openrelay/channels/delivery.go:65.88,67.3 1 0
github.com/notegio/openrelay/channels/delivery.go:73.101,75.2 1 1
github.com/notegio/openrelay/channels/publisher.go:16.73,18.2 1 1
github.com/notegio/openrelay/channels/publisher.go:20.68,22.2 1 1
github.com/notegio/openrelay/channels/publisher.go:29.73,31.2 1 1
github.com/notegio/openrelay/channels/publisher.go:33.68,35.2 1 1
github.com/notegio/openrelay/channels/relay.go:15.58,17.2 1 1
github.com/notegio/openrelay/channels/relay.go:25.34,27.2 1 1
github.com/notegio/openrelay/channels/relay.go:29.33,31.2 1 1
github.com/notegio/openrelay/channels/relay.go:37.59,38.44 1 1
github.com/notegio/openrelay/channels/relay.go:41.2,41.16 1 1
github.com/notegio/openrelay/channels/relay.go:38.44,40.3 1 1
github.com/notegio/openrelay/channels/relay.go:44.87,52.2 3 1
github.com/notegio/openrelay/channels/topic_consumer.go:23.93,31.2 1 1
github.com/notegio/openrelay/channels/topic_consumer.go:35.59,37.2 1 1
github.com/notegio/openrelay/channels/topic_consumer.go:41.56,43.2 1 0
github.com/notegio/openrelay/channels/topic_consumer.go:45.72,48.2 2 1
github.com/notegio/openrelay/channels/topic_consumer.go:50.58,52.25 1 1
github.com/notegio/openrelay/channels/topic_consumer.go:56.2,56.79 1 1
github.com/notegio/openrelay/channels/topic_consumer.go:61.2,61.14 1 0
github.com/notegio/openrelay/channels/topic_consumer.go:52.25,55.3 1 0
github.com/notegio/openrelay/channels/topic_consumer.go:56.79,60.3 3 1
github.com/notegio/openrelay/channels/topic_consumer.go:64.46,65.6 1 1
github.com/notegio/openrelay/channels/topic_consumer.go:65.6,67.17 2 1
github.com/notegio/openrelay/channels/topic_consumer.go:67.17,68.45 1 1
github.com/notegio/openrelay/channels/topic_consumer.go:68.45,70.5 1 1
github.com/notegio/openrelay/channels/topic_consumer.go:71.4,71.54 1 1
github.com/notegio/openrelay/channels/topic_consumer.go:71.54,73.4 1 1
github.com/notegio/openrelay/channels/topic_consumer.go:77.57,78.52 1 1
github.com/notegio/openrelay/channels/topic_consumer.go:82.2,82.14 1 1
github.com/notegio/openrelay/channels/topic_consumer.go:78.52,81.3 2 1
github.com/notegio/openrelay/channels/mock_channel.go:10.70,13.2 2 1
github.com/notegio/openrelay/channels/mock_channel.go:15.56,16.12 1 1
github.com/notegio/openrelay/channels/mock_channel.go:24.2,24.13 1 1
github.com/notegio/openrelay/channels/mock_channel.go:16.12,17.37 1 1
github.com/notegio/openrelay/channels/mock_channel.go:17.37,19.44 2 1
github.com/notegio/openrelay/channels/mock_channel.go:19.44,21.5 1 1
github.com/notegio/openrelay/channels/mock_channel.go:27.55,30.2 2 1
github.com/notegio/openrelay/channels/mock_channel.go:32.57,34.12 2 1
github.com/notegio/openrelay/channels/mock_channel.go:44.2,44.17 1 1
github.com/notegio/openrelay/channels/mock_channel.go:34.12,36.7 2 1
github.com/notegio/openrelay/channels/mock_channel.go:36.7,38.18 2 1
github.com/notegio/openrelay/channels/mock_channel.go:38.18,41.5 2 0
github.com/notegio/openrelay/channels/mock_channel.go:47.54,51.2 3 1
github.com/notegio/openrelay/channels/mock_channel.go:59.57,62.2 2 1
github.com/notegio/openrelay/channels/mock_channel.go:74.44,76.2 1 1
github.com/notegio/openrelay/channels/mock_channel.go:78.38,79.48 1 1
github.com/notegio/openrelay/channels/mock_channel.go:88.2,88.14 1 0
github.com/notegio/openrelay/channels/mock_channel.go:79.48,80.20 1 1
github.com/notegio/openrelay/channels/mock_channel.go:80.20,86.4 2 1
github.com/notegio/openrelay/channels/mock_channel.go:90.41,91.48 1 1
github.com/notegio/openrelay/channels/mock_channel.go:101.2,101.14 1 0
github.com/notegio/openrelay/channels/mock_channel.go:91.48,92.20 1 1
github.com/notegio/openrelay/channels/mock_channel.go:92.20,99.4 3 1
github.com/notegio/openrelay/channels/mock_channel.go:104.49,120.2 6 1
github.com/notegio/openrelay/channels/queue_consumer.go:48.93,58.2 1 1
github.com/notegio/openrelay/channels/queue_consumer.go:63.59,65.27 2 1
github.com/notegio/openrelay/channels/queue_consumer.go:69.2,70.36 2 1
github.com/notegio/openrelay/channels/queue_consumer.go:76.2,76.21 1 1
github.com/notegio/openrelay/channels/queue_consumer.go:65.27,67.3 1 0
github.com/notegio/openrelay/channels/queue_consumer.go:70.36,71.83 1 1
github.com/notegio/openrelay/channels/queue_consumer.go:71.83,73.4 1 0
github.com/notegio/openrelay/channels/queue_consumer.go:80.56,82.2 1 1
github.com/notegio/openrelay/channels/queue_consumer.go:86.68,89.16 3 1
github.com/notegio/openrelay/channels/queue_consumer.go:94.2,94.54 1 1
github.com/notegio/openrelay/channels/queue_consumer.go:105.2,105.14 1 1
github.com/notegio/openrelay/channels/queue_consumer.go:89.16,91.3 1 0
github.com/notegio/openrelay/channels/queue_consumer.go:94.54,97.23 2 1
github.com/notegio/openrelay/channels/queue_consumer.go:102.3,102.55 1 1
github.com/notegio/openrelay/channels/queue_consumer.go:97.23,99.4 1 1
github.com/notegio/openrelay/channels/queue_consumer.go:108.72,109.12 1 1
github.com/notegio/openrelay/channels/queue_consumer.go:114.2,114.13 1 1
github.com/notegio/openrelay/channels/queue_consumer.go:109.12,110.44 1 1
github.com/notegio/openrelay/channels/queue_consumer.go:110.44,112.4 1 1
github.com/notegio/openrelay/channels/queue_consumer.go:117.58,118.31 1 1
github.com/notegio/openrelay/channels/queue_consumer.go:122.2,124.13 3 1
github.com/notegio/openrelay/channels/queue_consumer.go:118.31,120.3 1 0
github.com/notegio/openrelay/channels/queue_consumer.go:127.46,128.6 1 1
github.com/notegio/openrelay/channels/queue_consumer.go:128.6,130.29 2 1
github.com/notegio/openrelay/channels/queue_consumer.go:133.3,133.36 1 1
github.com/notegio/openrelay/channels/queue_consumer.go:130.29,132.4 1 1
github.com/notegio/openrelay/channels/queue_consumer.go:133.36,136.4 2 1
github.com/notegio/openrelay/channels/queue_consumer.go:140.57,141.64 1 1
github.com/notegio/openrelay/channels/queue_consumer.go:145.2,145.14 1 0
github.com/notegio/openrelay/channels/queue_consumer.go:141.64,144.3 2 1
github.com/notegio/openrelay/channels/util.go:8.45,9.22 1 1
github.com/notegio/openrelay/channels/util.go:10.11,11.15 1 1
github.com/notegio/openrelay/channels/util.go:12.17,13.14 1 1
github.com/notegio/openrelay/channels/util.go:14.10,16.15 2 0
